Using pre-set license
Built from '6000.1/staging' branch; Version is '6000.1.12f1 (da0c3ee78ee0) revision 14289982'; Using compiler version '194234433'; Build Type 'Release'
OS: 'Windows 11  (10.0.26100) 64bit Professional' Language: 'en' Physical Memory: 31899 MB
BatchMode: 1, IsHumanControllingUs: 0, StartBugReporterOnCrash: 0, Is64bit: 1, IsPro: 1
Date: 2025-07-20T19:24:25Z

COMMAND LINE ARGUMENTS:
C:\Program Files\Unity\Hub\Editor\6000.1.12f1\Editor\Unity.exe
-adb2
-batchMode
-noUpm
-name
AssetImportWorker0
-projectPath
C:/Users/Ben/Documents/GitHub/Uni-Y1-Fundamentals-Resit/Egg_Fundamentals_resit
-logFile
Logs/AssetImportWorker0.log
-srvPort
62954
-job-worker-count
15
-background-job-worker-count
8
-gc-helper-count
1
-name
AssetImport
Successfully changed project path to: C:/Users/Ben/Documents/GitHub/Uni-Y1-Fundamentals-Resit/Egg_Fundamentals_resit
C:/Users/Ben/Documents/GitHub/Uni-Y1-Fundamentals-Resit/Egg_Fundamentals_resit
[UnityMemory] Configuration Parameters - Can be set up in boot.config
    "memorysetup-allocator-temp-initial-block-size-main=262144"
    "memorysetup-allocator-temp-initial-block-size-worker=262144"
    "memorysetup-bucket-allocator-granularity=16"
    "memorysetup-bucket-allocator-bucket-count=8"
    "memorysetup-bucket-allocator-block-size=33554432"
    "memorysetup-bucket-allocator-block-count=8"
    "memorysetup-main-allocator-block-size=16777216"
    "memorysetup-thread-allocator-block-size=16777216"
    "memorysetup-gfx-main-allocator-block-size=16777216"
    "memorysetup-gfx-thread-allocator-block-size=16777216"
    "memorysetup-cache-allocator-block-size=4194304"
    "memorysetup-typetree-allocator-block-size=2097152"
    "memorysetup-profiler-bucket-allocator-granularity=16"
    "memorysetup-profiler-bucket-allocator-bucket-count=8"
    "memorysetup-profiler-bucket-allocator-block-size=33554432"
    "memorysetup-profiler-bucket-allocator-block-count=8"
    "memorysetup-profiler-allocator-block-size=16777216"
    "memorysetup-profiler-editor-allocator-block-size=1048576"
    "memorysetup-temp-allocator-size-main=16777216"
    "memorysetup-job-temp-allocator-block-size=2097152"
    "memorysetup-job-temp-allocator-block-size-background=1048576"
    "memorysetup-job-temp-allocator-reduction-small-platforms=262144"
    "memorysetup-temp-allocator-size-background-worker=32768"
    "memorysetup-temp-allocator-size-job-worker=262144"
    "memorysetup-temp-allocator-size-preload-manager=33554432"
    "memorysetup-temp-allocator-size-nav-mesh-worker=65536"
    "memorysetup-temp-allocator-size-audio-worker=65536"
    "memorysetup-temp-allocator-size-cloud-worker=32768"
    "memorysetup-temp-allocator-size-gi-baking-worker=262144"
    "memorysetup-temp-allocator-size-gi-baking-worker=262144"
    "memorysetup-temp-allocator-size-gi-baking-worker=262144"
    "memorysetup-temp-allocator-size-gi-baking-worker=262144"
    "memorysetup-temp-allocator-size-gi-baking-worker=262144"
    "memorysetup-temp-allocator-size-gfx=262144"
Player connection [45656]  Target information:

Player connection [45656]  * "[IP] 192.168.0.38 [Port] 0 [Flags] 2 [Guid] 2247550396 [EditorId] 2247550396 [Version] 1048832 [Id] WindowsEditor(7,325282-1-1) [Debug] 1 [PackageName] WindowsEditor [ProjectName] Editor" 

Player connection [45656] Host joined multi-casting on [225.0.0.222:54997]...
Player connection [45656] Host joined alternative multi-casting on [225.0.0.222:34997]...
JobSystem: Creating JobQueue using job-worker-count value 15
Input System module state changed to: Initialized.
[Physics::Module] Initialized fallback backend.
[Physics::Module] Id: 0xdecafbad
Library Redirect Path: Library/
[Physics::Module] Selected backend.
[Physics::Module] Name: PhysX
[Physics::Module] Id: 0xf2b8ea05
[Physics::Module] SDK Version: 4.1.2
[Physics::Module] Integration Version: 1.0.0
[Physics::Module] Threading Mode: Multi-Threaded
Refreshing native plugins compatible for Editor in 3.85 ms, found 4 plugins.
Preloading 0 native plugins for Editor in 0.00 ms.
Initialize engine version: 6000.1.12f1 (da0c3ee78ee0)
[Subsystems] Discovering subsystems at path C:/Program Files/Unity/Hub/Editor/6000.1.12f1/Editor/Data/Resources/UnitySubsystems
[Subsystems] Discovering subsystems at path C:/Users/Ben/Documents/GitHub/Uni-Y1-Fundamentals-Resit/Egg_Fundamentals_resit/Assets
GfxDevice: creating device client; kGfxThreadingModeNonThreaded
Direct3D:
    Version:         Direct3D 12 [level 12.1]
    Renderer:        NVIDIA GeForce RTX 5070 Ti (ID=0x2c05)
    Vendor:          NVIDIA
    VRAM:            15907 MB
    App VRAM Budget: 15139 MB
    Driver:          32.0.15.7680
Initialize mono
Mono path[0] = 'C:/Program Files/Unity/Hub/Editor/6000.1.12f1/Editor/Data/Managed'
Mono path[1] = 'C:/Program Files/Unity/Hub/Editor/6000.1.12f1/Editor/Data/MonoBleedingEdge/lib/mono/unityjit-win32'
Mono config path = 'C:/Program Files/Unity/Hub/Editor/6000.1.12f1/Editor/Data/MonoBleedingEdge/etc'
Using monoOptions --debugger-agent=transport=dt_socket,embedding=1,server=y,suspend=n,address=127.0.0.1:56412
Begin MonoManager ReloadAssembly
Registering precompiled unity dll's ...
Register platform support module: C:/Program Files/Unity/Hub/Editor/6000.1.12f1/Editor/Data/PlaybackEngines/WebGLSupport/UnityEditor.WebGL.Extensions.dll
Register platform support module: C:/Program Files/Unity/Hub/Editor/6000.1.12f1/Editor/Data/PlaybackEngines/WindowsStandaloneSupport/UnityEditor.WindowsStandalone.Extensions.dll
Registered in 0.002719 seconds.
- Loaded All Assemblies, in  0.259 seconds
Native extension for WindowsStandalone target not found
Native extension for WebGL target not found
Mono: successfully reloaded assembly
- Finished resetting the current domain, in  0.216 seconds
Domain Reload Profiling: 473ms
	BeginReloadAssembly (87ms)
		ExecutionOrderSort (0ms)
		DisableScriptedObjects (0ms)
		BackupInstance (0ms)
		ReleaseScriptingObjects (0ms)
		CreateAndSetChildDomain (1ms)
	RebuildCommonClasses (24ms)
	RebuildNativeTypeToScriptingClass (7ms)
	initialDomainReloadingComplete (35ms)
	LoadAllAssembliesAndSetupDomain (103ms)
		LoadAssemblies (84ms)
		RebuildTransferFunctionScriptingTraits (0ms)
		AnalyzeDomain (100ms)
			TypeCache.Refresh (99ms)
				TypeCache.ScanAssembly (90ms)
			BuildScriptInfoCaches (0ms)
			ResolveRequiredComponents (0ms)
	FinalizeReload (217ms)
		ReleaseScriptCaches (0ms)
		RebuildScriptCaches (0ms)
		SetupLoadedEditorAssemblies (189ms)
			LogAssemblyErrors (0ms)
			InitializePlatformSupportModulesInManaged (36ms)
			SetLoadedEditorAssemblies (3ms)
			BeforeProcessingInitializeOnLoad (39ms)
			ProcessInitializeOnLoadAttributes (79ms)
			ProcessInitializeOnLoadMethodAttributes (32ms)
			AfterProcessingInitializeOnLoad (0ms)
			EditorAssembliesLoaded (0ms)
		ExecutionOrderSort2 (0ms)
		AwakeInstancesAfterBackupRestoration (0ms)
========================================================================
Worker process is ready to serve import requests
Import Worker Mode flag is 0x00
Begin MonoManager ReloadAssembly
- Loaded All Assemblies, in  0.500 seconds
Refreshing native plugins compatible for Editor in 1.99 ms, found 4 plugins.
Native extension for WindowsStandalone target not found
Native extension for WebGL target not found
Mono: successfully reloaded assembly
- Finished resetting the current domain, in  0.357 seconds
Domain Reload Profiling: 852ms
	BeginReloadAssembly (119ms)
		ExecutionOrderSort (0ms)
		DisableScriptedObjects (4ms)
		BackupInstance (0ms)
		ReleaseScriptingObjects (0ms)
		CreateAndSetChildDomain (26ms)
	RebuildCommonClasses (23ms)
	RebuildNativeTypeToScriptingClass (7ms)
	initialDomainReloadingComplete (30ms)
	LoadAllAssembliesAndSetupDomain (317ms)
		LoadAssemblies (251ms)
		RebuildTransferFunctionScriptingTraits (0ms)
		AnalyzeDomain (130ms)
			TypeCache.Refresh (96ms)
				TypeCache.ScanAssembly (86ms)
			BuildScriptInfoCaches (28ms)
			ResolveRequiredComponents (3ms)
	FinalizeReload (358ms)
		ReleaseScriptCaches (0ms)
		RebuildScriptCaches (0ms)
		SetupLoadedEditorAssemblies (300ms)
			LogAssemblyErrors (0ms)
			InitializePlatformSupportModulesInManaged (2ms)
			SetLoadedEditorAssemblies (4ms)
			BeforeProcessingInitializeOnLoad (70ms)
			ProcessInitializeOnLoadAttributes (197ms)
			ProcessInitializeOnLoadMethodAttributes (23ms)
			AfterProcessingInitializeOnLoad (5ms)
			EditorAssembliesLoaded (0ms)
		ExecutionOrderSort2 (0ms)
		AwakeInstancesAfterBackupRestoration (5ms)
Launched and connected shader compiler UnityShaderCompiler.exe after 0.01 seconds
Refreshing native plugins compatible for Editor in 2.14 ms, found 4 plugins.
Preloading 0 native plugins for Editor in 0.00 ms.
Unloading 6 Unused Serialized files (Serialized files now loaded: 0)
Unloading 4779 unused Assets / (1.5 MB). Loaded Objects now: 5259.
Memory consumption went from 90.1 MB to 88.6 MB.
Total: 4.860100 ms (FindLiveObjects: 0.465100 ms CreateObjectMapping: 0.120100 ms MarkObjects: 3.242700 ms  DeleteObjects: 1.030100 ms)

========================================================================
Received Import Request.
  Time since last request: 117814.466913 seconds.
  path: Assets/InputSystem_Actions.inputactions
  artifactKey: Guid(3590b91b4603b465dbb4216d601bff33) Importer(815301076,1909f56bfc062723c751e8b465ee728b)
Start importing Assets/InputSystem_Actions.inputactions using Guid(3590b91b4603b465dbb4216d601bff33) Importer(815301076,1909f56bfc062723c751e8b465ee728b) (PreviewImporter) -> (artifact id: '52978deca89b5547bfe7f2cc0d175ccc') in 0.0169099 seconds
Number of updated asset objects reloaded before import = 0Number of asset objects unloaded after import = 19

========================================================================
Received Import Request.
  Time since last request: 330.060386 seconds.
  path: Assets/Prefabs
  artifactKey: Guid(713702134e798b9449b87d88d17a60a4) Importer(815301076,1909f56bfc062723c751e8b465ee728b)
Start importing Assets/Prefabs using Guid(713702134e798b9449b87d88d17a60a4) Importer(815301076,1909f56bfc062723c751e8b465ee728b) (PreviewImporter) -> (artifact id: '40ddee32c1ded9793b265d538f52e646') in 0.0006119 seconds
Number of updated asset objects reloaded before import = 0Number of asset objects unloaded after import = 0

========================================================================
Received Import Request.
  Time since last request: 1209.828308 seconds.
  path: Assets/Scripts
  artifactKey: Guid(68bd630b026f5d1459636b675ac5d206) Importer(815301076,1909f56bfc062723c751e8b465ee728b)
Start importing Assets/Scripts using Guid(68bd630b026f5d1459636b675ac5d206) Importer(815301076,1909f56bfc062723c751e8b465ee728b) (PreviewImporter) -> (artifact id: '3f3a11bb10b216a5e2292bf7bc584dd9') in 0.0005741 seconds
Number of updated asset objects reloaded before import = 0Number of asset objects unloaded after import = 0

========================================================================
Received Import Request.
  Time since last request: 3.793813 seconds.
  path: Assets/Scripts/New Actions.inputactions
  artifactKey: Guid(41bfb045a67cb0344b9d22eecef048e1) Importer(815301076,1909f56bfc062723c751e8b465ee728b)
Start importing Assets/Scripts/New Actions.inputactions using Guid(41bfb045a67cb0344b9d22eecef048e1) Importer(815301076,1909f56bfc062723c751e8b465ee728b) (PreviewImporter) -> (artifact id: 'd8f46ea23cf788c83fc98177bd8083bb') in 0.0011884 seconds
Number of updated asset objects reloaded before import = 0Number of asset objects unloaded after import = 1

========================================================================
Received Prepare
Refreshing native plugins compatible for Editor in 2.26 ms, found 4 plugins.
Preloading 0 native plugins for Editor in 0.00 ms.
Unloading 6 Unused Serialized files (Serialized files now loaded: 0)
Unloading 4767 unused Assets / (1.2 MB). Loaded Objects now: 5263.
Memory consumption went from 89.2 MB to 88.0 MB.
Total: 5.179700 ms (FindLiveObjects: 0.455400 ms CreateObjectMapping: 0.109200 ms MarkObjects: 3.751500 ms  DeleteObjects: 0.862800 ms)

Prepare: number of updated asset objects reloaded= 0
========================================================================
Received Import Request.
  Time since last request: 18.240935 seconds.
  path: Assets/Scripts/Egg_tray.cs
  artifactKey: Guid(14f3fc78933928b49a9cb528aac0ad2d) Importer(815301076,1909f56bfc062723c751e8b465ee728b)
Start importing Assets/Scripts/Egg_tray.cs using Guid(14f3fc78933928b49a9cb528aac0ad2d) Importer(815301076,1909f56bfc062723c751e8b465ee728b) (PreviewImporter) -> (artifact id: '9622453ca1b5b0e8e50d9307a648a823') in 0.0022092 seconds
Number of updated asset objects reloaded before import = 0Number of asset objects unloaded after import = 0

========================================================================
Received Prepare
Begin MonoManager ReloadAssembly
- Loaded All Assemblies, in  0.463 seconds
Refreshing native plugins compatible for Editor in 1.90 ms, found 4 plugins.
Native extension for WindowsStandalone target not found
Native extension for WebGL target not found
Mono: successfully reloaded assembly
- Finished resetting the current domain, in  0.329 seconds
Domain Reload Profiling: 791ms
	BeginReloadAssembly (142ms)
		ExecutionOrderSort (0ms)
		DisableScriptedObjects (7ms)
		BackupInstance (0ms)
		ReleaseScriptingObjects (0ms)
		CreateAndSetChildDomain (38ms)
	RebuildCommonClasses (22ms)
	RebuildNativeTypeToScriptingClass (8ms)
	initialDomainReloadingComplete (24ms)
	LoadAllAssembliesAndSetupDomain (266ms)
		LoadAssemblies (233ms)
		RebuildTransferFunctionScriptingTraits (0ms)
		AnalyzeDomain (95ms)
			TypeCache.Refresh (5ms)
				TypeCache.ScanAssembly (0ms)
			BuildScriptInfoCaches (84ms)
			ResolveRequiredComponents (3ms)
	FinalizeReload (329ms)
		ReleaseScriptCaches (0ms)
		RebuildScriptCaches (0ms)
		SetupLoadedEditorAssemblies (264ms)
			LogAssemblyErrors (0ms)
			InitializePlatformSupportModulesInManaged (2ms)
			SetLoadedEditorAssemblies (3ms)
			BeforeProcessingInitializeOnLoad (65ms)
			ProcessInitializeOnLoadAttributes (169ms)
			ProcessInitializeOnLoadMethodAttributes (20ms)
			AfterProcessingInitializeOnLoad (4ms)
			EditorAssembliesLoaded (0ms)
		ExecutionOrderSort2 (0ms)
		AwakeInstancesAfterBackupRestoration (5ms)
Refreshing native plugins compatible for Editor in 2.04 ms, found 4 plugins.
Preloading 0 native plugins for Editor in 0.00 ms.
Unloading 6 Unused Serialized files (Serialized files now loaded: 0)
Unloading 4778 unused Assets / (1.4 MB). Loaded Objects now: 5266.
Memory consumption went from 91.1 MB to 89.7 MB.
Total: 4.584800 ms (FindLiveObjects: 0.478000 ms CreateObjectMapping: 0.115200 ms MarkObjects: 3.007500 ms  DeleteObjects: 0.983400 ms)

Prepare: number of updated asset objects reloaded= 0
========================================================================
Received Import Request.
  Time since last request: 5.166063 seconds.
  path: Assets/Scripts/Egg_tray.cs
  artifactKey: Guid(14f3fc78933928b49a9cb528aac0ad2d) Importer(815301076,1909f56bfc062723c751e8b465ee728b)
Start importing Assets/Scripts/Egg_tray.cs using Guid(14f3fc78933928b49a9cb528aac0ad2d) Importer(815301076,1909f56bfc062723c751e8b465ee728b) (PreviewImporter) -> (artifact id: 'ce1fbd9812c320a57718641a4b422d75') in 0.0020191 seconds
Number of updated asset objects reloaded before import = 0Number of asset objects unloaded after import = 0

========================================================================
Received Prepare
Refreshing native plugins compatible for Editor in 4.22 ms, found 4 plugins.
Preloading 0 native plugins for Editor in 0.00 ms.
Unloading 6 Unused Serialized files (Serialized files now loaded: 0)
Unloading 4767 unused Assets / (1.4 MB). Loaded Objects now: 5266.
Memory consumption went from 91.2 MB to 89.9 MB.
Total: 6.489100 ms (FindLiveObjects: 0.780800 ms CreateObjectMapping: 0.278400 ms MarkObjects: 4.216600 ms  DeleteObjects: 1.212000 ms)

Prepare: number of updated asset objects reloaded= 0
========================================================================
Received Prepare
Refreshing native plugins compatible for Editor in 3.46 ms, found 4 plugins.
Preloading 0 native plugins for Editor in 0.00 ms.
Unloading 6 Unused Serialized files (Serialized files now loaded: 0)
Unloading 4767 unused Assets / (1.4 MB). Loaded Objects now: 5266.
Memory consumption went from 91.3 MB to 89.9 MB.
Total: 6.830000 ms (FindLiveObjects: 0.575900 ms CreateObjectMapping: 0.132300 ms MarkObjects: 4.662600 ms  DeleteObjects: 1.458200 ms)

Prepare: number of updated asset objects reloaded= 0
========================================================================
Received Import Request.
  Time since last request: 533.788199 seconds.
  path: Assets/Scripts/Egg_tray.cs
  artifactKey: Guid(14f3fc78933928b49a9cb528aac0ad2d) Importer(815301076,1909f56bfc062723c751e8b465ee728b)
Start importing Assets/Scripts/Egg_tray.cs using Guid(14f3fc78933928b49a9cb528aac0ad2d) Importer(815301076,1909f56bfc062723c751e8b465ee728b) (PreviewImporter) -> (artifact id: 'a11720d90459196f343f89ea701c965d') in 0.0016869 seconds
Number of updated asset objects reloaded before import = 0Number of asset objects unloaded after import = 0

========================================================================
Received Import Request.
  Time since last request: 707.188620 seconds.
  path: Assets/Prefabs/Egg.png
  artifactKey: Guid(6a79038e746a9534286f603cc9e2e1ba) Importer(815301076,1909f56bfc062723c751e8b465ee728b)
Start importing Assets/Prefabs/Egg.png using Guid(6a79038e746a9534286f603cc9e2e1ba) Importer(815301076,1909f56bfc062723c751e8b465ee728b) (PreviewImporter) -> (artifact id: '2268e8e412cda762ca6227b3f677296e') in 0.1460403 seconds
Number of updated asset objects reloaded before import = 0Number of asset objects unloaded after import = 3

========================================================================
Received Import Request.
  Time since last request: 24.661697 seconds.
  path: Assets
  artifactKey: Guid(00000000000000001000000000000000) Importer(815301076,1909f56bfc062723c751e8b465ee728b)
Start importing Assets using Guid(00000000000000001000000000000000) Importer(815301076,1909f56bfc062723c751e8b465ee728b) (PreviewImporter) -> (artifact id: 'c391582d739b6e62a5220f35cbb167ac') in 0.0004047 seconds
Number of updated asset objects reloaded before import = 0Number of asset objects unloaded after import = 0

========================================================================
Received Import Request.
  Time since last request: 6.389665 seconds.
  path: Assets/Sprites
  artifactKey: Guid(58dba50e2739a5245a4c5c85302f3651) Importer(815301076,1909f56bfc062723c751e8b465ee728b)
Start importing Assets/Sprites using Guid(58dba50e2739a5245a4c5c85302f3651) Importer(815301076,1909f56bfc062723c751e8b465ee728b) (PreviewImporter) -> (artifact id: '270afcf37728e4e802ef5cde4c6802d3') in 0.0005282 seconds
Number of updated asset objects reloaded before import = 0Number of asset objects unloaded after import = 0

========================================================================
Received Import Request.
  Time since last request: 64.594122 seconds.
  path: Assets/Prefabs/Circle.prefab
  artifactKey: Guid(6ddb7c412c6ffc64fa881dffc427186b) Importer(815301076,1909f56bfc062723c751e8b465ee728b)
Start importing Assets/Prefabs/Circle.prefab using Guid(6ddb7c412c6ffc64fa881dffc427186b) Importer(815301076,1909f56bfc062723c751e8b465ee728b) (PreviewImporter) -> (artifact id: 'd3c2fb9b56480f8e4df24e0916f4db60') in 0.0615781 seconds
Number of updated asset objects reloaded before import = 0Number of asset objects unloaded after import = 7

========================================================================
Received Import Request.
  Time since last request: 16.661722 seconds.
  path: Assets/Prefabs/Circle.prefab
  artifactKey: Guid(6ddb7c412c6ffc64fa881dffc427186b) Importer(815301076,1909f56bfc062723c751e8b465ee728b)
Start importing Assets/Prefabs/Circle.prefab using Guid(6ddb7c412c6ffc64fa881dffc427186b) Importer(815301076,1909f56bfc062723c751e8b465ee728b) (PreviewImporter) -> (artifact id: '525ba84af8f1073e375b616d54ddc68e') in 0.0111153 seconds
Number of updated asset objects reloaded before import = 0Number of asset objects unloaded after import = 12

========================================================================
Received Import Request.
  Time since last request: 7.038366 seconds.
  path: Assets/Prefabs/Circle.prefab
  artifactKey: Guid(6ddb7c412c6ffc64fa881dffc427186b) Importer(815301076,1909f56bfc062723c751e8b465ee728b)
Start importing Assets/Prefabs/Circle.prefab using Guid(6ddb7c412c6ffc64fa881dffc427186b) Importer(815301076,1909f56bfc062723c751e8b465ee728b) (PreviewImporter) -> (artifact id: '097316a893dbce27718d9ff2e1108263') in 0.0156497 seconds
Number of updated asset objects reloaded before import = 0Number of asset objects unloaded after import = 12

========================================================================
Received Import Request.
  Time since last request: 3.398013 seconds.
  path: Assets/Prefabs/Circle.prefab
  artifactKey: Guid(6ddb7c412c6ffc64fa881dffc427186b) Importer(815301076,1909f56bfc062723c751e8b465ee728b)
Start importing Assets/Prefabs/Circle.prefab using Guid(6ddb7c412c6ffc64fa881dffc427186b) Importer(815301076,1909f56bfc062723c751e8b465ee728b) (PreviewImporter) -> (artifact id: '8404eb5c82da57df18ccdff613516d1a') in 0.0067819 seconds
Number of updated asset objects reloaded before import = 0Number of asset objects unloaded after import = 12

========================================================================
Received Import Request.
  Time since last request: 0.592751 seconds.
  path: Assets/Prefabs/Circle.prefab
  artifactKey: Guid(6ddb7c412c6ffc64fa881dffc427186b) Importer(815301076,1909f56bfc062723c751e8b465ee728b)
Start importing Assets/Prefabs/Circle.prefab using Guid(6ddb7c412c6ffc64fa881dffc427186b) Importer(815301076,1909f56bfc062723c751e8b465ee728b) (PreviewImporter) -> (artifact id: '46e0ced21f695f41e853c44beb5f24da') in 0.0076474 seconds
Number of updated asset objects reloaded before import = 0Number of asset objects unloaded after import = 12

========================================================================
Received Import Request.
  Time since last request: 1.597629 seconds.
  path: Assets/Prefabs/Circle.prefab
  artifactKey: Guid(6ddb7c412c6ffc64fa881dffc427186b) Importer(815301076,1909f56bfc062723c751e8b465ee728b)
Start importing Assets/Prefabs/Circle.prefab using Guid(6ddb7c412c6ffc64fa881dffc427186b) Importer(815301076,1909f56bfc062723c751e8b465ee728b) (PreviewImporter) -> (artifact id: '2e74299d9a6ba3c9c7ccfc25a5914d7b') in 0.0076488 seconds
Number of updated asset objects reloaded before import = 0Number of asset objects unloaded after import = 12

========================================================================
Received Import Request.
  Time since last request: 0.999752 seconds.
  path: Assets/Prefabs/Circle.prefab
  artifactKey: Guid(6ddb7c412c6ffc64fa881dffc427186b) Importer(815301076,1909f56bfc062723c751e8b465ee728b)
Start importing Assets/Prefabs/Circle.prefab using Guid(6ddb7c412c6ffc64fa881dffc427186b) Importer(815301076,1909f56bfc062723c751e8b465ee728b) (PreviewImporter) -> (artifact id: 'bffcc53ab17723169223b9773e8cf67e') in 0.0079139 seconds
Number of updated asset objects reloaded before import = 0Number of asset objects unloaded after import = 12

========================================================================
Received Import Request.
  Time since last request: 4.417680 seconds.
  path: Assets/Prefabs/Circle.prefab
  artifactKey: Guid(6ddb7c412c6ffc64fa881dffc427186b) Importer(815301076,1909f56bfc062723c751e8b465ee728b)
Start importing Assets/Prefabs/Circle.prefab using Guid(6ddb7c412c6ffc64fa881dffc427186b) Importer(815301076,1909f56bfc062723c751e8b465ee728b) (PreviewImporter) -> (artifact id: 'f83fef2a73ddb08b724ad0b2224c6dee') in 0.0079105 seconds
Number of updated asset objects reloaded before import = 0Number of asset objects unloaded after import = 12

========================================================================
Received Import Request.
  Time since last request: 0.388033 seconds.
  path: Assets/Prefabs/Circle.prefab
  artifactKey: Guid(6ddb7c412c6ffc64fa881dffc427186b) Importer(815301076,1909f56bfc062723c751e8b465ee728b)
Start importing Assets/Prefabs/Circle.prefab using Guid(6ddb7c412c6ffc64fa881dffc427186b) Importer(815301076,1909f56bfc062723c751e8b465ee728b) (PreviewImporter) -> (artifact id: '83df4733e7ab10b2478937b64ce7623d') in 0.0066398 seconds
Number of updated asset objects reloaded before import = 0Number of asset objects unloaded after import = 12

========================================================================
Received Import Request.
  Time since last request: 6.638454 seconds.
  path: Assets/Prefabs/Circle.prefab
  artifactKey: Guid(6ddb7c412c6ffc64fa881dffc427186b) Importer(815301076,1909f56bfc062723c751e8b465ee728b)
Start importing Assets/Prefabs/Circle.prefab using Guid(6ddb7c412c6ffc64fa881dffc427186b) Importer(815301076,1909f56bfc062723c751e8b465ee728b) (PreviewImporter) -> (artifact id: 'c38da3e04c943517585468c8a922fa03') in 0.0088896 seconds
Number of updated asset objects reloaded before import = 0Number of asset objects unloaded after import = 12

========================================================================
Received Import Request.
  Time since last request: 10.414815 seconds.
  path: Assets/Prefabs/Circle.prefab
  artifactKey: Guid(6ddb7c412c6ffc64fa881dffc427186b) Importer(815301076,1909f56bfc062723c751e8b465ee728b)
Start importing Assets/Prefabs/Circle.prefab using Guid(6ddb7c412c6ffc64fa881dffc427186b) Importer(815301076,1909f56bfc062723c751e8b465ee728b) (PreviewImporter) -> (artifact id: '5f5c03100d059670a95dd8e848c1e9d1') in 0.0189719 seconds
Number of updated asset objects reloaded before import = 0Number of asset objects unloaded after import = 31

========================================================================
Received Import Request.
  Time since last request: 6.996753 seconds.
  path: Assets/Prefabs/Circle.prefab
  artifactKey: Guid(6ddb7c412c6ffc64fa881dffc427186b) Importer(815301076,1909f56bfc062723c751e8b465ee728b)
Start importing Assets/Prefabs/Circle.prefab using Guid(6ddb7c412c6ffc64fa881dffc427186b) Importer(815301076,1909f56bfc062723c751e8b465ee728b) (PreviewImporter) -> (artifact id: 'c96bf7368c63b0c5edacd45180702f0d') in 0.0102777 seconds
Number of updated asset objects reloaded before import = 0Number of asset objects unloaded after import = 31

========================================================================
Received Import Request.
  Time since last request: 1.593322 seconds.
  path: Assets/Prefabs/Circle.prefab
  artifactKey: Guid(6ddb7c412c6ffc64fa881dffc427186b) Importer(815301076,1909f56bfc062723c751e8b465ee728b)
Start importing Assets/Prefabs/Circle.prefab using Guid(6ddb7c412c6ffc64fa881dffc427186b) Importer(815301076,1909f56bfc062723c751e8b465ee728b) (PreviewImporter) -> (artifact id: '92aa4f5510573617679e8b4cc4df6974') in 0.0070443 seconds
Number of updated asset objects reloaded before import = 0Number of asset objects unloaded after import = 31

========================================================================
Received Import Request.
  Time since last request: 6.225185 seconds.
  path: Assets/Prefabs/Circle.prefab
  artifactKey: Guid(6ddb7c412c6ffc64fa881dffc427186b) Importer(815301076,1909f56bfc062723c751e8b465ee728b)
Start importing Assets/Prefabs/Circle.prefab using Guid(6ddb7c412c6ffc64fa881dffc427186b) Importer(815301076,1909f56bfc062723c751e8b465ee728b) (PreviewImporter) -> (artifact id: '6d8de8e18574ff1bd7ab705dcf8c227d') in 0.0070957 seconds
Number of updated asset objects reloaded before import = 0Number of asset objects unloaded after import = 31

========================================================================
Received Import Request.
  Time since last request: 12.276190 seconds.
  path: Assets/Prefabs/Circle.prefab
  artifactKey: Guid(6ddb7c412c6ffc64fa881dffc427186b) Importer(815301076,1909f56bfc062723c751e8b465ee728b)
Start importing Assets/Prefabs/Circle.prefab using Guid(6ddb7c412c6ffc64fa881dffc427186b) Importer(815301076,1909f56bfc062723c751e8b465ee728b) (PreviewImporter) -> (artifact id: '8e61fdf7086515ecd3ed6c0a2f0e48ff') in 0.0088035 seconds
Number of updated asset objects reloaded before import = 0Number of asset objects unloaded after import = 31

========================================================================
Received Import Request.
  Time since last request: 2.602108 seconds.
  path: Assets/Prefabs/Circle.prefab
  artifactKey: Guid(6ddb7c412c6ffc64fa881dffc427186b) Importer(815301076,1909f56bfc062723c751e8b465ee728b)
Start importing Assets/Prefabs/Circle.prefab using Guid(6ddb7c412c6ffc64fa881dffc427186b) Importer(815301076,1909f56bfc062723c751e8b465ee728b) (PreviewImporter) -> (artifact id: 'b0b589c7ae6c7a605925668c4e36d4a8') in 0.0067893 seconds
Number of updated asset objects reloaded before import = 0Number of asset objects unloaded after import = 31

========================================================================
Received Import Request.
  Time since last request: 3.211114 seconds.
  path: Assets/Prefabs/Circle.prefab
  artifactKey: Guid(6ddb7c412c6ffc64fa881dffc427186b) Importer(815301076,1909f56bfc062723c751e8b465ee728b)
Start importing Assets/Prefabs/Circle.prefab using Guid(6ddb7c412c6ffc64fa881dffc427186b) Importer(815301076,1909f56bfc062723c751e8b465ee728b) (PreviewImporter) -> (artifact id: '0d6ade47a9ceac0ec0688dac500727b4') in 0.007159 seconds
Number of updated asset objects reloaded before import = 0Number of asset objects unloaded after import = 31

========================================================================
Received Import Request.
  Time since last request: 1.805940 seconds.
  path: Assets/Prefabs/Circle.prefab
  artifactKey: Guid(6ddb7c412c6ffc64fa881dffc427186b) Importer(815301076,1909f56bfc062723c751e8b465ee728b)
Start importing Assets/Prefabs/Circle.prefab using Guid(6ddb7c412c6ffc64fa881dffc427186b) Importer(815301076,1909f56bfc062723c751e8b465ee728b) (PreviewImporter) -> (artifact id: '67e27314ae04a96431c9bec2475670cf') in 0.0083245 seconds
Number of updated asset objects reloaded before import = 0Number of asset objects unloaded after import = 31

========================================================================
Received Import Request.
  Time since last request: 8.651703 seconds.
  path: Assets/Prefabs/Circle.prefab
  artifactKey: Guid(6ddb7c412c6ffc64fa881dffc427186b) Importer(815301076,1909f56bfc062723c751e8b465ee728b)
Start importing Assets/Prefabs/Circle.prefab using Guid(6ddb7c412c6ffc64fa881dffc427186b) Importer(815301076,1909f56bfc062723c751e8b465ee728b) (PreviewImporter) -> (artifact id: 'f83e8079e40a4c4c5bd9a77431002ded') in 0.045521 seconds
Number of updated asset objects reloaded before import = 0Number of asset objects unloaded after import = 31

========================================================================
Received Import Request.
  Time since last request: 6.394394 seconds.
  path: Assets/Prefabs/Circle.prefab
  artifactKey: Guid(6ddb7c412c6ffc64fa881dffc427186b) Importer(815301076,1909f56bfc062723c751e8b465ee728b)
Start importing Assets/Prefabs/Circle.prefab using Guid(6ddb7c412c6ffc64fa881dffc427186b) Importer(815301076,1909f56bfc062723c751e8b465ee728b) (PreviewImporter) -> (artifact id: 'ffa8490f1de6468eb9683ccdca77658b') in 0.0191294 seconds
Number of updated asset objects reloaded before import = 0Number of asset objects unloaded after import = 31

========================================================================
Received Import Request.
  Time since last request: 1.582932 seconds.
  path: Assets/Prefabs/Circle.prefab
  artifactKey: Guid(6ddb7c412c6ffc64fa881dffc427186b) Importer(815301076,1909f56bfc062723c751e8b465ee728b)
Start importing Assets/Prefabs/Circle.prefab using Guid(6ddb7c412c6ffc64fa881dffc427186b) Importer(815301076,1909f56bfc062723c751e8b465ee728b) (PreviewImporter) -> (artifact id: 'f87aae17ab596820c60f1d9d48339dc9') in 0.0094935 seconds
Number of updated asset objects reloaded before import = 0Number of asset objects unloaded after import = 31

========================================================================
Received Import Request.
  Time since last request: 8.256955 seconds.
  path: Assets/Prefabs/Circle.prefab
  artifactKey: Guid(6ddb7c412c6ffc64fa881dffc427186b) Importer(815301076,1909f56bfc062723c751e8b465ee728b)
Start importing Assets/Prefabs/Circle.prefab using Guid(6ddb7c412c6ffc64fa881dffc427186b) Importer(815301076,1909f56bfc062723c751e8b465ee728b) (PreviewImporter) -> (artifact id: '22b5fc6693f3d3678402fb70a2a7b01c') in 0.0068657 seconds
Number of updated asset objects reloaded before import = 0Number of asset objects unloaded after import = 31

========================================================================
Received Import Request.
  Time since last request: 4.014822 seconds.
  path: Assets/Prefabs/Circle.prefab
  artifactKey: Guid(6ddb7c412c6ffc64fa881dffc427186b) Importer(815301076,1909f56bfc062723c751e8b465ee728b)
Start importing Assets/Prefabs/Circle.prefab using Guid(6ddb7c412c6ffc64fa881dffc427186b) Importer(815301076,1909f56bfc062723c751e8b465ee728b) (PreviewImporter) -> (artifact id: '0c068bb20246d31606863fe8f1590d9c') in 0.0082577 seconds
Number of updated asset objects reloaded before import = 0Number of asset objects unloaded after import = 31

========================================================================
Received Import Request.
  Time since last request: 3.403436 seconds.
  path: Assets/Prefabs/Circle.prefab
  artifactKey: Guid(6ddb7c412c6ffc64fa881dffc427186b) Importer(815301076,1909f56bfc062723c751e8b465ee728b)
Start importing Assets/Prefabs/Circle.prefab using Guid(6ddb7c412c6ffc64fa881dffc427186b) Importer(815301076,1909f56bfc062723c751e8b465ee728b) (PreviewImporter) -> (artifact id: '27e3865324f4f2e00fce6ab94507fea4') in 0.0074634 seconds
Number of updated asset objects reloaded before import = 0Number of asset objects unloaded after import = 31

========================================================================
Received Import Request.
  Time since last request: 9.652198 seconds.
  path: Assets/Prefabs/Circle.prefab
  artifactKey: Guid(6ddb7c412c6ffc64fa881dffc427186b) Importer(815301076,1909f56bfc062723c751e8b465ee728b)
Start importing Assets/Prefabs/Circle.prefab using Guid(6ddb7c412c6ffc64fa881dffc427186b) Importer(815301076,1909f56bfc062723c751e8b465ee728b) (PreviewImporter) -> (artifact id: 'b72712ea37285f2ccf4866fdda2d6bf0') in 0.012824 seconds
Number of updated asset objects reloaded before import = 0Number of asset objects unloaded after import = 31

========================================================================
Received Import Request.
  Time since last request: 13.607834 seconds.
  path: Assets/Prefabs/Circle.prefab
  artifactKey: Guid(6ddb7c412c6ffc64fa881dffc427186b) Importer(815301076,1909f56bfc062723c751e8b465ee728b)
Start importing Assets/Prefabs/Circle.prefab using Guid(6ddb7c412c6ffc64fa881dffc427186b) Importer(815301076,1909f56bfc062723c751e8b465ee728b) (PreviewImporter) -> (artifact id: 'd0e799d10f00430046b4e1759eaaf22c') in 0.0111423 seconds
Number of updated asset objects reloaded before import = 0Number of asset objects unloaded after import = 27

========================================================================
Received Import Request.
  Time since last request: 2.678995 seconds.
  path: Assets/Prefabs/Circle.prefab
  artifactKey: Guid(6ddb7c412c6ffc64fa881dffc427186b) Importer(815301076,1909f56bfc062723c751e8b465ee728b)
Start importing Assets/Prefabs/Circle.prefab using Guid(6ddb7c412c6ffc64fa881dffc427186b) Importer(815301076,1909f56bfc062723c751e8b465ee728b) (PreviewImporter) -> (artifact id: 'c31ad4a383c9857a5c54841bda16c718') in 0.0178738 seconds
Number of updated asset objects reloaded before import = 0Number of asset objects unloaded after import = 25

========================================================================
Received Import Request.
  Time since last request: 4.011340 seconds.
  path: Assets/Prefabs/Circle.prefab
  artifactKey: Guid(6ddb7c412c6ffc64fa881dffc427186b) Importer(815301076,1909f56bfc062723c751e8b465ee728b)
Start importing Assets/Prefabs/Circle.prefab using Guid(6ddb7c412c6ffc64fa881dffc427186b) Importer(815301076,1909f56bfc062723c751e8b465ee728b) (PreviewImporter) -> (artifact id: '8794356f19bf993b903a2e84aa1eaf5b') in 0.0130417 seconds
Number of updated asset objects reloaded before import = 0Number of asset objects unloaded after import = 21

========================================================================
Received Import Request.
  Time since last request: 8.447166 seconds.
  path: Assets/Prefabs/Circle.prefab
  artifactKey: Guid(6ddb7c412c6ffc64fa881dffc427186b) Importer(815301076,1909f56bfc062723c751e8b465ee728b)
Start importing Assets/Prefabs/Circle.prefab using Guid(6ddb7c412c6ffc64fa881dffc427186b) Importer(815301076,1909f56bfc062723c751e8b465ee728b) (PreviewImporter) -> (artifact id: '1e61fc6ab828351cc8026f5abfae349e') in 0.0120167 seconds
Number of updated asset objects reloaded before import = 0Number of asset objects unloaded after import = 25

========================================================================
Received Import Request.
  Time since last request: 3.007193 seconds.
  path: Assets/Prefabs/Circle.prefab
  artifactKey: Guid(6ddb7c412c6ffc64fa881dffc427186b) Importer(815301076,1909f56bfc062723c751e8b465ee728b)
Start importing Assets/Prefabs/Circle.prefab using Guid(6ddb7c412c6ffc64fa881dffc427186b) Importer(815301076,1909f56bfc062723c751e8b465ee728b) (PreviewImporter) -> (artifact id: '6bf68d52a89d6f96edb9ea4a6543b300') in 0.0118407 seconds
Number of updated asset objects reloaded before import = 0Number of asset objects unloaded after import = 25

========================================================================
Received Import Request.
  Time since last request: 7.226547 seconds.
  path: Assets/Prefabs/Circle.prefab
  artifactKey: Guid(6ddb7c412c6ffc64fa881dffc427186b) Importer(815301076,1909f56bfc062723c751e8b465ee728b)
Start importing Assets/Prefabs/Circle.prefab using Guid(6ddb7c412c6ffc64fa881dffc427186b) Importer(815301076,1909f56bfc062723c751e8b465ee728b) (PreviewImporter) -> (artifact id: 'b3614f107a538b939408d9dc4bb483d3') in 0.0176984 seconds
Number of updated asset objects reloaded before import = 0Number of asset objects unloaded after import = 25

========================================================================
Received Import Request.
  Time since last request: 0.387887 seconds.
  path: Assets/Prefabs/Circle.prefab
  artifactKey: Guid(6ddb7c412c6ffc64fa881dffc427186b) Importer(815301076,1909f56bfc062723c751e8b465ee728b)
Start importing Assets/Prefabs/Circle.prefab using Guid(6ddb7c412c6ffc64fa881dffc427186b) Importer(815301076,1909f56bfc062723c751e8b465ee728b) (PreviewImporter) -> (artifact id: 'cf91541e636b015e25ab3ffb8f6da95a') in 0.0070134 seconds
Number of updated asset objects reloaded before import = 0Number of asset objects unloaded after import = 25

========================================================================
Received Import Request.
  Time since last request: 4.600521 seconds.
  path: Assets/Prefabs/Circle.prefab
  artifactKey: Guid(6ddb7c412c6ffc64fa881dffc427186b) Importer(815301076,1909f56bfc062723c751e8b465ee728b)
Start importing Assets/Prefabs/Circle.prefab using Guid(6ddb7c412c6ffc64fa881dffc427186b) Importer(815301076,1909f56bfc062723c751e8b465ee728b) (PreviewImporter) -> (artifact id: '9873463ea69b053916bb03c163ba7bf1') in 0.0069705 seconds
Number of updated asset objects reloaded before import = 0Number of asset objects unloaded after import = 25

========================================================================
Received Import Request.
  Time since last request: 6.639528 seconds.
  path: Assets/Prefabs/Circle.prefab
  artifactKey: Guid(6ddb7c412c6ffc64fa881dffc427186b) Importer(815301076,1909f56bfc062723c751e8b465ee728b)
Start importing Assets/Prefabs/Circle.prefab using Guid(6ddb7c412c6ffc64fa881dffc427186b) Importer(815301076,1909f56bfc062723c751e8b465ee728b) (PreviewImporter) -> (artifact id: '5bb2cef57d8c8cc0a1e22aff0af72d83') in 0.0115052 seconds
Number of updated asset objects reloaded before import = 0Number of asset objects unloaded after import = 25

========================================================================
Received Import Request.
  Time since last request: 2.192632 seconds.
  path: Assets/Prefabs/Circle.prefab
  artifactKey: Guid(6ddb7c412c6ffc64fa881dffc427186b) Importer(815301076,1909f56bfc062723c751e8b465ee728b)
Start importing Assets/Prefabs/Circle.prefab using Guid(6ddb7c412c6ffc64fa881dffc427186b) Importer(815301076,1909f56bfc062723c751e8b465ee728b) (PreviewImporter) -> (artifact id: '825fc4a7f6130ed4e3376f9ec83ee07b') in 0.0079331 seconds
Number of updated asset objects reloaded before import = 0Number of asset objects unloaded after import = 25

========================================================================
Received Import Request.
  Time since last request: 4.015540 seconds.
  path: Assets/Prefabs/Circle.prefab
  artifactKey: Guid(6ddb7c412c6ffc64fa881dffc427186b) Importer(815301076,1909f56bfc062723c751e8b465ee728b)
Start importing Assets/Prefabs/Circle.prefab using Guid(6ddb7c412c6ffc64fa881dffc427186b) Importer(815301076,1909f56bfc062723c751e8b465ee728b) (PreviewImporter) -> (artifact id: '695f897c6dd30c4c0c1034f5965b5bb1') in 0.0112449 seconds
Number of updated asset objects reloaded before import = 0Number of asset objects unloaded after import = 25

========================================================================
Received Import Request.
  Time since last request: 3.216847 seconds.
  path: Assets/Prefabs/Circle.prefab
  artifactKey: Guid(6ddb7c412c6ffc64fa881dffc427186b) Importer(815301076,1909f56bfc062723c751e8b465ee728b)
Start importing Assets/Prefabs/Circle.prefab using Guid(6ddb7c412c6ffc64fa881dffc427186b) Importer(815301076,1909f56bfc062723c751e8b465ee728b) (PreviewImporter) -> (artifact id: 'd04965c6ee1ee30fdcd7a34707b7e95d') in 0.0123347 seconds
Number of updated asset objects reloaded before import = 0Number of asset objects unloaded after import = 25

========================================================================
Received Import Request.
  Time since last request: 10.060074 seconds.
  path: Assets/Prefabs/Circle.prefab
  artifactKey: Guid(6ddb7c412c6ffc64fa881dffc427186b) Importer(815301076,1909f56bfc062723c751e8b465ee728b)
Start importing Assets/Prefabs/Circle.prefab using Guid(6ddb7c412c6ffc64fa881dffc427186b) Importer(815301076,1909f56bfc062723c751e8b465ee728b) (PreviewImporter) -> (artifact id: '11d3dbba5188636043b2cdc853de4fdd') in 0.0082762 seconds
Number of updated asset objects reloaded before import = 0Number of asset objects unloaded after import = 25

========================================================================
Received Import Request.
  Time since last request: 3.409916 seconds.
  path: Assets/Prefabs/Circle.prefab
  artifactKey: Guid(6ddb7c412c6ffc64fa881dffc427186b) Importer(815301076,1909f56bfc062723c751e8b465ee728b)
Start importing Assets/Prefabs/Circle.prefab using Guid(6ddb7c412c6ffc64fa881dffc427186b) Importer(815301076,1909f56bfc062723c751e8b465ee728b) (PreviewImporter) -> (artifact id: 'dbe0180a24b9202ff91334cce4f92e86') in 0.0160424 seconds
Number of updated asset objects reloaded before import = 0Number of asset objects unloaded after import = 25

========================================================================
Received Import Request.
  Time since last request: 5.234095 seconds.
  path: Assets/Prefabs/Circle.prefab
  artifactKey: Guid(6ddb7c412c6ffc64fa881dffc427186b) Importer(815301076,1909f56bfc062723c751e8b465ee728b)
Start importing Assets/Prefabs/Circle.prefab using Guid(6ddb7c412c6ffc64fa881dffc427186b) Importer(815301076,1909f56bfc062723c751e8b465ee728b) (PreviewImporter) -> (artifact id: 'a41f283ba026dd2fabad1420b7e19261') in 0.0117902 seconds
Number of updated asset objects reloaded before import = 0Number of asset objects unloaded after import = 25

========================================================================
Received Import Request.
  Time since last request: 7.457864 seconds.
  path: Assets/Prefabs/Circle.prefab
  artifactKey: Guid(6ddb7c412c6ffc64fa881dffc427186b) Importer(815301076,1909f56bfc062723c751e8b465ee728b)
Start importing Assets/Prefabs/Circle.prefab using Guid(6ddb7c412c6ffc64fa881dffc427186b) Importer(815301076,1909f56bfc062723c751e8b465ee728b) (PreviewImporter) -> (artifact id: '9d6d43c9b1735270a67e14f330db60c1') in 0.0101787 seconds
Number of updated asset objects reloaded before import = 0Number of asset objects unloaded after import = 25

========================================================================
Received Import Request.
  Time since last request: 11.653512 seconds.
  path: Assets/Prefabs/Circle.prefab
  artifactKey: Guid(6ddb7c412c6ffc64fa881dffc427186b) Importer(815301076,1909f56bfc062723c751e8b465ee728b)
Start importing Assets/Prefabs/Circle.prefab using Guid(6ddb7c412c6ffc64fa881dffc427186b) Importer(815301076,1909f56bfc062723c751e8b465ee728b) (PreviewImporter) -> (artifact id: '15769ab394afbe6eecc7317f2b53eed3') in 0.0409888 seconds
Number of updated asset objects reloaded before import = 0Number of asset objects unloaded after import = 25

========================================================================
Received Import Request.
  Time since last request: 12.059790 seconds.
  path: Assets/Prefabs/Circle.prefab
  artifactKey: Guid(6ddb7c412c6ffc64fa881dffc427186b) Importer(815301076,1909f56bfc062723c751e8b465ee728b)
Start importing Assets/Prefabs/Circle.prefab using Guid(6ddb7c412c6ffc64fa881dffc427186b) Importer(815301076,1909f56bfc062723c751e8b465ee728b) (PreviewImporter) -> (artifact id: '838dd871195ff5538c7a44103ec80ea0') in 0.0380108 seconds
Number of updated asset objects reloaded before import = 0Number of asset objects unloaded after import = 25

========================================================================
Received Import Request.
  Time since last request: 5.025578 seconds.
  path: Assets/Prefabs/Circle.prefab
  artifactKey: Guid(6ddb7c412c6ffc64fa881dffc427186b) Importer(815301076,1909f56bfc062723c751e8b465ee728b)
Start importing Assets/Prefabs/Circle.prefab using Guid(6ddb7c412c6ffc64fa881dffc427186b) Importer(815301076,1909f56bfc062723c751e8b465ee728b) (PreviewImporter) -> (artifact id: '6b22b1c3b9e9c954142080ef9b668f0a') in 0.0115346 seconds
Number of updated asset objects reloaded before import = 0Number of asset objects unloaded after import = 38

========================================================================
Received Import Request.
  Time since last request: 7.812236 seconds.
  path: Assets/Prefabs/Circle.prefab
  artifactKey: Guid(6ddb7c412c6ffc64fa881dffc427186b) Importer(815301076,1909f56bfc062723c751e8b465ee728b)
Start importing Assets/Prefabs/Circle.prefab using Guid(6ddb7c412c6ffc64fa881dffc427186b) Importer(815301076,1909f56bfc062723c751e8b465ee728b) (PreviewImporter) -> (artifact id: '8a23a78c20d38718c508e93c8b081f21') in 0.016492 seconds
Number of updated asset objects reloaded before import = 0Number of asset objects unloaded after import = 38

========================================================================
Received Import Request.
  Time since last request: 8.314717 seconds.
  path: Assets/Prefabs/Circle.prefab
  artifactKey: Guid(6ddb7c412c6ffc64fa881dffc427186b) Importer(815301076,1909f56bfc062723c751e8b465ee728b)
Start importing Assets/Prefabs/Circle.prefab using Guid(6ddb7c412c6ffc64fa881dffc427186b) Importer(815301076,1909f56bfc062723c751e8b465ee728b) (PreviewImporter) -> (artifact id: '8400da09989d2931e609c150028c6db2') in 0.0080066 seconds
Number of updated asset objects reloaded before import = 0Number of asset objects unloaded after import = 38

========================================================================
Received Import Request.
  Time since last request: 2.208425 seconds.
  path: Assets/Prefabs/Circle.prefab
  artifactKey: Guid(6ddb7c412c6ffc64fa881dffc427186b) Importer(815301076,1909f56bfc062723c751e8b465ee728b)
Start importing Assets/Prefabs/Circle.prefab using Guid(6ddb7c412c6ffc64fa881dffc427186b) Importer(815301076,1909f56bfc062723c751e8b465ee728b) (PreviewImporter) -> (artifact id: '5a773375f6bf4cee75c2a497feccf17c') in 0.008934 seconds
Number of updated asset objects reloaded before import = 0Number of asset objects unloaded after import = 38

========================================================================
Received Import Request.
  Time since last request: 1.995569 seconds.
  path: Assets/Prefabs/Circle.prefab
  artifactKey: Guid(6ddb7c412c6ffc64fa881dffc427186b) Importer(815301076,1909f56bfc062723c751e8b465ee728b)
Start importing Assets/Prefabs/Circle.prefab using Guid(6ddb7c412c6ffc64fa881dffc427186b) Importer(815301076,1909f56bfc062723c751e8b465ee728b) (PreviewImporter) -> (artifact id: '2c3124105123ed27192850cb34d292fb') in 0.0098654 seconds
Number of updated asset objects reloaded before import = 0Number of asset objects unloaded after import = 38

========================================================================
Received Import Request.
  Time since last request: 1.200845 seconds.
  path: Assets/Prefabs/Circle.prefab
  artifactKey: Guid(6ddb7c412c6ffc64fa881dffc427186b) Importer(815301076,1909f56bfc062723c751e8b465ee728b)
Start importing Assets/Prefabs/Circle.prefab using Guid(6ddb7c412c6ffc64fa881dffc427186b) Importer(815301076,1909f56bfc062723c751e8b465ee728b) (PreviewImporter) -> (artifact id: '221bc975eebdb2b65378cd5d16c47e5e') in 0.0084232 seconds
Number of updated asset objects reloaded before import = 0Number of asset objects unloaded after import = 38

========================================================================
Received Import Request.
  Time since last request: 0.792698 seconds.
  path: Assets/Prefabs/Circle.prefab
  artifactKey: Guid(6ddb7c412c6ffc64fa881dffc427186b) Importer(815301076,1909f56bfc062723c751e8b465ee728b)
Start importing Assets/Prefabs/Circle.prefab using Guid(6ddb7c412c6ffc64fa881dffc427186b) Importer(815301076,1909f56bfc062723c751e8b465ee728b) (PreviewImporter) -> (artifact id: '6b1d383b4ff4d3f0f5ba9fe62c9bd577') in 0.0082344 seconds
Number of updated asset objects reloaded before import = 0Number of asset objects unloaded after import = 38

========================================================================
Received Import Request.
  Time since last request: 1.202316 seconds.
  path: Assets/Prefabs/Circle.prefab
  artifactKey: Guid(6ddb7c412c6ffc64fa881dffc427186b) Importer(815301076,1909f56bfc062723c751e8b465ee728b)
Start importing Assets/Prefabs/Circle.prefab using Guid(6ddb7c412c6ffc64fa881dffc427186b) Importer(815301076,1909f56bfc062723c751e8b465ee728b) (PreviewImporter) -> (artifact id: 'bdc7aa46d1d077d2108d2861b54abffb') in 0.0193178 seconds
Number of updated asset objects reloaded before import = 0Number of asset objects unloaded after import = 38

========================================================================
Received Import Request.
  Time since last request: 8.025125 seconds.
  path: Assets/Prefabs/Circle.prefab
  artifactKey: Guid(6ddb7c412c6ffc64fa881dffc427186b) Importer(815301076,1909f56bfc062723c751e8b465ee728b)
Start importing Assets/Prefabs/Circle.prefab using Guid(6ddb7c412c6ffc64fa881dffc427186b) Importer(815301076,1909f56bfc062723c751e8b465ee728b) (PreviewImporter) -> (artifact id: '4c7555ac3c2a233516fd28edf790f99a') in 0.0129666 seconds
Number of updated asset objects reloaded before import = 0Number of asset objects unloaded after import = 38

========================================================================
Received Import Request.
  Time since last request: 8.949516 seconds.
  path: Assets/Prefabs/Circle.prefab
  artifactKey: Guid(6ddb7c412c6ffc64fa881dffc427186b) Importer(815301076,1909f56bfc062723c751e8b465ee728b)
Start importing Assets/Prefabs/Circle.prefab using Guid(6ddb7c412c6ffc64fa881dffc427186b) Importer(815301076,1909f56bfc062723c751e8b465ee728b) (PreviewImporter) -> (artifact id: 'a8c6311b56b157c0e84626cc6b92acc4') in 0.0455152 seconds
Number of updated asset objects reloaded before import = 0Number of asset objects unloaded after import = 51

========================================================================
Received Import Request.
  Time since last request: 3.374686 seconds.
  path: Assets/Prefabs/Circle.prefab
  artifactKey: Guid(6ddb7c412c6ffc64fa881dffc427186b) Importer(815301076,1909f56bfc062723c751e8b465ee728b)
Start importing Assets/Prefabs/Circle.prefab using Guid(6ddb7c412c6ffc64fa881dffc427186b) Importer(815301076,1909f56bfc062723c751e8b465ee728b) (PreviewImporter) -> (artifact id: '9623241765129f9bf6162866fac83a28') in 0.0169171 seconds
Number of updated asset objects reloaded before import = 0Number of asset objects unloaded after import = 51

========================================================================
Received Import Request.
  Time since last request: 8.637220 seconds.
  path: Assets/Prefabs/Circle.prefab
  artifactKey: Guid(6ddb7c412c6ffc64fa881dffc427186b) Importer(815301076,1909f56bfc062723c751e8b465ee728b)
Start importing Assets/Prefabs/Circle.prefab using Guid(6ddb7c412c6ffc64fa881dffc427186b) Importer(815301076,1909f56bfc062723c751e8b465ee728b) (PreviewImporter) -> (artifact id: '6c1a373fa8031084eada720053f6e0a7') in 0.0148748 seconds
Number of updated asset objects reloaded before import = 0Number of asset objects unloaded after import = 51

========================================================================
Received Import Request.
  Time since last request: 3.208705 seconds.
  path: Assets/Prefabs/Circle.prefab
  artifactKey: Guid(6ddb7c412c6ffc64fa881dffc427186b) Importer(815301076,1909f56bfc062723c751e8b465ee728b)
Start importing Assets/Prefabs/Circle.prefab using Guid(6ddb7c412c6ffc64fa881dffc427186b) Importer(815301076,1909f56bfc062723c751e8b465ee728b) (PreviewImporter) -> (artifact id: 'eebc9ec1701c6197fa403b61fea13352') in 0.0119565 seconds
Number of updated asset objects reloaded before import = 0Number of asset objects unloaded after import = 51

========================================================================
Received Import Request.
  Time since last request: 1.602583 seconds.
  path: Assets/Prefabs/Circle.prefab
  artifactKey: Guid(6ddb7c412c6ffc64fa881dffc427186b) Importer(815301076,1909f56bfc062723c751e8b465ee728b)
Start importing Assets/Prefabs/Circle.prefab using Guid(6ddb7c412c6ffc64fa881dffc427186b) Importer(815301076,1909f56bfc062723c751e8b465ee728b) (PreviewImporter) -> (artifact id: '8dac673129db9b8733bb709040c1015c') in 0.0070684 seconds
Number of updated asset objects reloaded before import = 0Number of asset objects unloaded after import = 51

========================================================================
Received Import Request.
  Time since last request: 0.790521 seconds.
  path: Assets/Prefabs/Circle.prefab
  artifactKey: Guid(6ddb7c412c6ffc64fa881dffc427186b) Importer(815301076,1909f56bfc062723c751e8b465ee728b)
Start importing Assets/Prefabs/Circle.prefab using Guid(6ddb7c412c6ffc64fa881dffc427186b) Importer(815301076,1909f56bfc062723c751e8b465ee728b) (PreviewImporter) -> (artifact id: '0f636861e8ded6dc80727b7ec9bc5970') in 0.0070758 seconds
Number of updated asset objects reloaded before import = 0Number of asset objects unloaded after import = 51

========================================================================
Received Import Request.
  Time since last request: 15.421805 seconds.
  path: Assets/Prefabs/Circle.prefab
  artifactKey: Guid(6ddb7c412c6ffc64fa881dffc427186b) Importer(815301076,1909f56bfc062723c751e8b465ee728b)
Start importing Assets/Prefabs/Circle.prefab using Guid(6ddb7c412c6ffc64fa881dffc427186b) Importer(815301076,1909f56bfc062723c751e8b465ee728b) (PreviewImporter) -> (artifact id: 'dbda514d5c77c313c4fb79486653502b') in 0.0117476 seconds
Number of updated asset objects reloaded before import = 0Number of asset objects unloaded after import = 51

========================================================================
Received Import Request.
  Time since last request: 14117.097445 seconds.
  path: Assets/Prefabs/Circle.prefab
  artifactKey: Guid(6ddb7c412c6ffc64fa881dffc427186b) Importer(815301076,1909f56bfc062723c751e8b465ee728b)
Start importing Assets/Prefabs/Circle.prefab using Guid(6ddb7c412c6ffc64fa881dffc427186b) Importer(815301076,1909f56bfc062723c751e8b465ee728b) (PreviewImporter) -> (artifact id: '47d6985d1f270c1d7f16619625f4862e') in 0.0202696 seconds
Number of updated asset objects reloaded before import = 0Number of asset objects unloaded after import = 64

========================================================================
Received Import Request.
  Time since last request: 1.972338 seconds.
  path: Assets/Prefabs/Circle.prefab
  artifactKey: Guid(6ddb7c412c6ffc64fa881dffc427186b) Importer(815301076,1909f56bfc062723c751e8b465ee728b)
Start importing Assets/Prefabs/Circle.prefab using Guid(6ddb7c412c6ffc64fa881dffc427186b) Importer(815301076,1909f56bfc062723c751e8b465ee728b) (PreviewImporter) -> (artifact id: '420b393a16688717aa5a3744f6cfb7b8') in 0.0124975 seconds
Number of updated asset objects reloaded before import = 0Number of asset objects unloaded after import = 64

========================================================================
Received Import Request.
  Time since last request: 19.141525 seconds.
  path: Assets/Prefabs/Circle.prefab
  artifactKey: Guid(6ddb7c412c6ffc64fa881dffc427186b) Importer(815301076,1909f56bfc062723c751e8b465ee728b)
Start importing Assets/Prefabs/Circle.prefab using Guid(6ddb7c412c6ffc64fa881dffc427186b) Importer(815301076,1909f56bfc062723c751e8b465ee728b) (PreviewImporter) -> (artifact id: 'eb46e6bc2fa0927fe4b2d6ba1a5275f9') in 0.0242322 seconds
Number of updated asset objects reloaded before import = 0Number of asset objects unloaded after import = 64

========================================================================
Received Import Request.
  Time since last request: 7.002006 seconds.
  path: Assets/Prefabs/Circle.prefab
  artifactKey: Guid(6ddb7c412c6ffc64fa881dffc427186b) Importer(815301076,1909f56bfc062723c751e8b465ee728b)
Start importing Assets/Prefabs/Circle.prefab using Guid(6ddb7c412c6ffc64fa881dffc427186b) Importer(815301076,1909f56bfc062723c751e8b465ee728b) (PreviewImporter) -> (artifact id: '668140d80d734465253af61a975a5a35') in 0.0128578 seconds
Number of updated asset objects reloaded before import = 0Number of asset objects unloaded after import = 64

========================================================================
Received Import Request.
  Time since last request: 56.903125 seconds.
  path: Assets/Prefabs/Circle.prefab
  artifactKey: Guid(6ddb7c412c6ffc64fa881dffc427186b) Importer(815301076,1909f56bfc062723c751e8b465ee728b)
Start importing Assets/Prefabs/Circle.prefab using Guid(6ddb7c412c6ffc64fa881dffc427186b) Importer(815301076,1909f56bfc062723c751e8b465ee728b) (PreviewImporter) -> (artifact id: '7fa05f6159e8328cf47bbc152abfecfe') in 0.0158375 seconds
Number of updated asset objects reloaded before import = 0Number of asset objects unloaded after import = 64

========================================================================
Received Import Request.
  Time since last request: 1.990066 seconds.
  path: Assets/Prefabs/Circle.prefab
  artifactKey: Guid(6ddb7c412c6ffc64fa881dffc427186b) Importer(815301076,1909f56bfc062723c751e8b465ee728b)
Start importing Assets/Prefabs/Circle.prefab using Guid(6ddb7c412c6ffc64fa881dffc427186b) Importer(815301076,1909f56bfc062723c751e8b465ee728b) (PreviewImporter) -> (artifact id: '7f9941dee5f8473d91198de0000fe45b') in 0.0081102 seconds
Number of updated asset objects reloaded before import = 0Number of asset objects unloaded after import = 64

========================================================================
Received Import Request.
  Time since last request: 381.489714 seconds.
  path: Assets/Prefabs/Circle.prefab
  artifactKey: Guid(6ddb7c412c6ffc64fa881dffc427186b) Importer(815301076,1909f56bfc062723c751e8b465ee728b)
Start importing Assets/Prefabs/Circle.prefab using Guid(6ddb7c412c6ffc64fa881dffc427186b) Importer(815301076,1909f56bfc062723c751e8b465ee728b) (PreviewImporter) -> (artifact id: '1439c96f19b09029400dc2b2b9c2b5fd') in 0.0108666 seconds
Number of updated asset objects reloaded before import = 0Number of asset objects unloaded after import = 64

========================================================================
Received Prepare
Refreshing native plugins compatible for Editor in 1.97 ms, found 4 plugins.
Preloading 0 native plugins for Editor in 0.00 ms.
Unloading 6 Unused Serialized files (Serialized files now loaded: 0)
Unloading 4774 unused Assets / (1.7 MB). Loaded Objects now: 5277.
Memory consumption went from 96.1 MB to 94.4 MB.
Total: 22.701200 ms (FindLiveObjects: 0.527400 ms CreateObjectMapping: 0.111900 ms MarkObjects: 20.679700 ms  DeleteObjects: 1.381100 ms)

Prepare: number of updated asset objects reloaded= 0
========================================================================
Received Import Request.
  Time since last request: 112.611497 seconds.
  path: Assets/Scripts/Egg.cs
  artifactKey: Guid(3f8a299c5dc6c954d97d4c1b00c3eee7) Importer(815301076,1909f56bfc062723c751e8b465ee728b)
Start importing Assets/Scripts/Egg.cs using Guid(3f8a299c5dc6c954d97d4c1b00c3eee7) Importer(815301076,1909f56bfc062723c751e8b465ee728b) (PreviewImporter) -> (artifact id: '5cbe2df216d413024b19872077311391') in 0.0015132 seconds
Number of updated asset objects reloaded before import = 0Number of asset objects unloaded after import = 0

========================================================================
Received Prepare
Begin MonoManager ReloadAssembly
- Loaded All Assemblies, in  0.797 seconds
Refreshing native plugins compatible for Editor in 2.95 ms, found 4 plugins.
Native extension for WindowsStandalone target not found
Native extension for WebGL target not found
Mono: successfully reloaded assembly
- Finished resetting the current domain, in  0.439 seconds
Domain Reload Profiling: 1231ms
	BeginReloadAssembly (278ms)
		ExecutionOrderSort (0ms)
		DisableScriptedObjects (20ms)
		BackupInstance (0ms)
		ReleaseScriptingObjects (0ms)
		CreateAndSetChildDomain (90ms)
	RebuildCommonClasses (34ms)
	RebuildNativeTypeToScriptingClass (12ms)
	initialDomainReloadingComplete (32ms)
	LoadAllAssembliesAndSetupDomain (437ms)
		LoadAssemblies (433ms)
		RebuildTransferFunctionScriptingTraits (0ms)
		AnalyzeDomain (119ms)
			TypeCache.Refresh (7ms)
				TypeCache.ScanAssembly (0ms)
			BuildScriptInfoCaches (104ms)
			ResolveRequiredComponents (3ms)
	FinalizeReload (439ms)
		ReleaseScriptCaches (0ms)
		RebuildScriptCaches (0ms)
		SetupLoadedEditorAssemblies (358ms)
			LogAssemblyErrors (0ms)
			InitializePlatformSupportModulesInManaged (2ms)
			SetLoadedEditorAssemblies (4ms)
			BeforeProcessingInitializeOnLoad (105ms)
			ProcessInitializeOnLoadAttributes (220ms)
			ProcessInitializeOnLoadMethodAttributes (21ms)
			AfterProcessingInitializeOnLoad (5ms)
			EditorAssembliesLoaded (0ms)
		ExecutionOrderSort2 (0ms)
		AwakeInstancesAfterBackupRestoration (6ms)
Refreshing native plugins compatible for Editor in 2.43 ms, found 4 plugins.
Preloading 0 native plugins for Editor in 0.00 ms.
Unloading 6 Unused Serialized files (Serialized files now loaded: 0)
Unloading 4779 unused Assets / (1.2 MB). Loaded Objects now: 5278.
Memory consumption went from 97.5 MB to 96.2 MB.
Total: 4.573500 ms (FindLiveObjects: 0.473100 ms CreateObjectMapping: 0.131600 ms MarkObjects: 3.080400 ms  DeleteObjects: 0.887600 ms)

Prepare: number of updated asset objects reloaded= 0
========================================================================
Received Prepare
Refreshing native plugins compatible for Editor in 1.85 ms, found 4 plugins.
Preloading 0 native plugins for Editor in 0.00 ms.
Unloading 6 Unused Serialized files (Serialized files now loaded: 0)
Unloading 4769 unused Assets / (1.3 MB). Loaded Objects now: 5279.
Memory consumption went from 97.7 MB to 96.4 MB.
Total: 5.333400 ms (FindLiveObjects: 0.546700 ms CreateObjectMapping: 0.194000 ms MarkObjects: 3.615500 ms  DeleteObjects: 0.976200 ms)

Prepare: number of updated asset objects reloaded= 0
========================================================================
Received Import Request.
  Time since last request: 1951.587406 seconds.
  path: Assets/Scripts/placementManager.cs
  artifactKey: Guid(562576ecfc2615f46b86d258b2d54690) Importer(815301076,1909f56bfc062723c751e8b465ee728b)
Start importing Assets/Scripts/placementManager.cs using Guid(562576ecfc2615f46b86d258b2d54690) Importer(815301076,1909f56bfc062723c751e8b465ee728b) (PreviewImporter) -> (artifact id: 'd1c8f871c5f50927bb98108d01618e54') in 0.0018023 seconds
Number of updated asset objects reloaded before import = 0Number of asset objects unloaded after import = 0

========================================================================
Received Prepare
Begin MonoManager ReloadAssembly
- Loaded All Assemblies, in  0.478 seconds
Refreshing native plugins compatible for Editor in 1.86 ms, found 4 plugins.
Native extension for WindowsStandalone target not found
Native extension for WebGL target not found
Mono: successfully reloaded assembly
- Finished resetting the current domain, in  0.346 seconds
Domain Reload Profiling: 821ms
	BeginReloadAssembly (144ms)
		ExecutionOrderSort (0ms)
		DisableScriptedObjects (7ms)
		BackupInstance (0ms)
		ReleaseScriptingObjects (0ms)
		CreateAndSetChildDomain (38ms)
	RebuildCommonClasses (23ms)
	RebuildNativeTypeToScriptingClass (7ms)
	initialDomainReloadingComplete (23ms)
	LoadAllAssembliesAndSetupDomain (277ms)
		LoadAssemblies (243ms)
		RebuildTransferFunctionScriptingTraits (0ms)
		AnalyzeDomain (100ms)
			TypeCache.Refresh (5ms)
				TypeCache.ScanAssembly (0ms)
			BuildScriptInfoCaches (87ms)
			ResolveRequiredComponents (3ms)
	FinalizeReload (346ms)
		ReleaseScriptCaches (0ms)
		RebuildScriptCaches (0ms)
		SetupLoadedEditorAssemblies (280ms)
			LogAssemblyErrors (0ms)
			InitializePlatformSupportModulesInManaged (2ms)
			SetLoadedEditorAssemblies (3ms)
			BeforeProcessingInitializeOnLoad (70ms)
			ProcessInitializeOnLoadAttributes (177ms)
			ProcessInitializeOnLoadMethodAttributes (22ms)
			AfterProcessingInitializeOnLoad (5ms)
			EditorAssembliesLoaded (0ms)
		ExecutionOrderSort2 (0ms)
		AwakeInstancesAfterBackupRestoration (5ms)
Refreshing native plugins compatible for Editor in 2.10 ms, found 4 plugins.
Preloading 0 native plugins for Editor in 0.00 ms.
Unloading 6 Unused Serialized files (Serialized files now loaded: 0)
Unloading 4780 unused Assets / (1.2 MB). Loaded Objects now: 5281.
Memory consumption went from 97.5 MB to 96.3 MB.
Total: 4.544900 ms (FindLiveObjects: 0.528200 ms CreateObjectMapping: 0.186500 ms MarkObjects: 3.016700 ms  DeleteObjects: 0.812400 ms)

Prepare: number of updated asset objects reloaded= 0
========================================================================
Received Import Request.
  Time since last request: 635.614271 seconds.
  path: Assets/Scripts/placementManager.cs
  artifactKey: Guid(562576ecfc2615f46b86d258b2d54690) Importer(815301076,1909f56bfc062723c751e8b465ee728b)
Start importing Assets/Scripts/placementManager.cs using Guid(562576ecfc2615f46b86d258b2d54690) Importer(815301076,1909f56bfc062723c751e8b465ee728b) (PreviewImporter) -> (artifact id: '226f9916dfa53d860934c3d1cd730478') in 0.0024149 seconds
Number of updated asset objects reloaded before import = 0Number of asset objects unloaded after import = 0

========================================================================
Received Prepare
Refreshing native plugins compatible for Editor in 1.86 ms, found 4 plugins.
Preloading 0 native plugins for Editor in 0.00 ms.
Unloading 6 Unused Serialized files (Serialized files now loaded: 0)
Unloading 4769 unused Assets / (1.3 MB). Loaded Objects now: 5281.
Memory consumption went from 97.6 MB to 96.3 MB.
Total: 5.819800 ms (FindLiveObjects: 0.473800 ms CreateObjectMapping: 0.115600 ms MarkObjects: 4.085600 ms  DeleteObjects: 1.143700 ms)

Prepare: number of updated asset objects reloaded= 0
========================================================================
Received Prepare
Begin MonoManager ReloadAssembly
- Loaded All Assemblies, in  0.461 seconds
Refreshing native plugins compatible for Editor in 2.12 ms, found 4 plugins.
Native extension for WindowsStandalone target not found
Native extension for WebGL target not found
Mono: successfully reloaded assembly
- Finished resetting the current domain, in  0.355 seconds
Domain Reload Profiling: 813ms
	BeginReloadAssembly (142ms)
		ExecutionOrderSort (0ms)
		DisableScriptedObjects (8ms)
		BackupInstance (0ms)
		ReleaseScriptingObjects (0ms)
		CreateAndSetChildDomain (37ms)
	RebuildCommonClasses (22ms)
	RebuildNativeTypeToScriptingClass (7ms)
	initialDomainReloadingComplete (21ms)
	LoadAllAssembliesAndSetupDomain (265ms)
		LoadAssemblies (236ms)
		RebuildTransferFunctionScriptingTraits (0ms)
		AnalyzeDomain (94ms)
			TypeCache.Refresh (5ms)
				TypeCache.ScanAssembly (0ms)
			BuildScriptInfoCaches (82ms)
			ResolveRequiredComponents (3ms)
	FinalizeReload (355ms)
		ReleaseScriptCaches (0ms)
		RebuildScriptCaches (0ms)
		SetupLoadedEditorAssemblies (283ms)
			LogAssemblyErrors (0ms)
			InitializePlatformSupportModulesInManaged (2ms)
			SetLoadedEditorAssemblies (3ms)
			BeforeProcessingInitializeOnLoad (70ms)
			ProcessInitializeOnLoadAttributes (177ms)
			ProcessInitializeOnLoadMethodAttributes (24ms)
			AfterProcessingInitializeOnLoad (6ms)
			EditorAssembliesLoaded (0ms)
		ExecutionOrderSort2 (0ms)
		AwakeInstancesAfterBackupRestoration (7ms)
Refreshing native plugins compatible for Editor in 2.27 ms, found 4 plugins.
Preloading 0 native plugins for Editor in 0.00 ms.
Unloading 6 Unused Serialized files (Serialized files now loaded: 0)
Unloading 4780 unused Assets / (1.4 MB). Loaded Objects now: 5283.
Memory consumption went from 97.6 MB to 96.1 MB.
Total: 4.788400 ms (FindLiveObjects: 0.497200 ms CreateObjectMapping: 0.122100 ms MarkObjects: 3.117000 ms  DeleteObjects: 1.051300 ms)

Prepare: number of updated asset objects reloaded= 0
========================================================================
Received Prepare
Refreshing native plugins compatible for Editor in 3.86 ms, found 4 plugins.
Preloading 0 native plugins for Editor in 0.00 ms.
Unloading 6 Unused Serialized files (Serialized files now loaded: 0)
Unloading 4769 unused Assets / (1.4 MB). Loaded Objects now: 5283.
Memory consumption went from 97.8 MB to 96.4 MB.
Total: 7.151800 ms (FindLiveObjects: 0.561300 ms CreateObjectMapping: 0.325500 ms MarkObjects: 4.911300 ms  DeleteObjects: 1.352300 ms)

Prepare: number of updated asset objects reloaded= 0
